<?xml version="1.0" encoding="UTF-8"?>
<!-- Generated by org.testng.reporters.JUnitReportReporter -->
<testsuite hostname="DESKTOP-GM99TT4" failures="0" tests="4" name="testCases.TC_003_LoginDDT" time="38.453" errors="0" timestamp="2021-03-23T20:38:46 EDT" skipped="0">
  <testcase classname="testCases.TC_003_LoginDDT" name="test_LoginDDT" time="11.635"/>
  <system-out/>
  <testcase classname="testCases.TC_003_LoginDDT" name="test_LoginDDT" time="3.605"/>
  <system-out/>
  <testcase classname="testCases.TC_003_LoginDDT" name="test_LoginDDT" time="11.561"/>
  <system-out/>
  <testcase classname="testCases.TC_003_LoginDDT" name="test_LoginDDT" time="11.652"/>
  <system-out/>
</testsuite> <!-- testCases.TC_003_LoginDDT -->
