<?xml version="1.0" encoding="UTF-8"?>
<!-- Generated by org.testng.reporters.JUnitReportReporter -->
<testsuite hostname="DESKTOP-GM99TT4" failures="0" tests="1" name="testCases.TC_001_AccountRegistration" time="3.718" errors="0" timestamp="2021-03-24T18:49:36 EDT" skipped="0">
  <testcase classname="testCases.TC_001_AccountRegistration" name="test_accout_Registration" time="3.718"/>
  <system-out/>
</testsuite> <!-- testCases.TC_001_AccountRegistration -->
