<?xml version="1.0" encoding="UTF-8"?>
<!-- Generated by org.testng.reporters.JUnitReportReporter -->
<testsuite hostname="DESKTOP-GM99TT4" failures="0" tests="1" name="testCases.TC_002_Login" time="3.386" errors="0" timestamp="2021-03-24T20:11:55 EDT" skipped="0">
  <testcase classname="testCases.TC_002_Login" name="test_Login" time="3.386"/>
  <system-out/>
</testsuite> <!-- testCases.TC_002_Login -->
